Using pre-set license
Built from '2020.3/staging' branch; Version is '2020.3.4f1 (0abb6314276a) revision 703331'; Using compiler version '192528614'; Build Type 'Release'
OS: 'Windows 10 Home Single Language; OS build 19042.928; Version 2009; 64bit' Language: 'en' Physical Memory: 16204 MB
BatchMode: 1, IsHumanControllingUs: 0, StartBugReporterOnCrash: 0, Is64bit: 1, IsPro: 0

 COMMAND LINE ARGUMENTS:
C:\Program Files\Unity\Hub\Editor\2020.3.4f1\Editor\Unity.exe
-adb2
-batchMode
-noUpm
-name
AssetImportWorker0
-projectPath
D:/dev/self/Flappy-Simon
-logFile
Logs/AssetImportWorker0.log
-srvPort
53011
Successfully changed project path to: D:/dev/self/Flappy-Simon
D:/dev/self/Flappy-Simon
Using Asset Import Pipeline V2.
Refreshing native plugins compatible for Editor in 34.84 ms, found 1 plugins.
Preloading 0 native plugins for Editor in 0.00 ms.
Initialize engine version: 2020.3.4f1 (0abb6314276a)
[Subsystems] Discovering subsystems at path C:/Program Files/Unity/Hub/Editor/2020.3.4f1/Editor/Data/Resources/UnitySubsystems
[Subsystems] Discovering subsystems at path D:/dev/self/Flappy-Simon/Assets
GfxDevice: creating device client; threaded=0
Direct3D:
    Version:  Direct3D 11.0 [level 11.1]
    Renderer: NVIDIA GeForce GTX 1660 Ti (ID=0x2191)
    Vendor:   
    VRAM:     5991 MB
    Driver:   26.21.14.4223
Initialize mono
Mono path[0] = 'C:/Program Files/Unity/Hub/Editor/2020.3.4f1/Editor/Data/Managed'
Mono path[1] = 'C:/Program Files/Unity/Hub/Editor/2020.3.4f1/Editor/Data/MonoBleedingEdge/lib/mono/unityjit'
Mono config path = 'C:/Program Files/Unity/Hub/Editor/2020.3.4f1/Editor/Data/MonoBleedingEdge/etc'
Using monoOptions --debugger-agent=transport=dt_socket,embedding=1,server=y,suspend=n,address=127.0.0.1:56408
Begin MonoManager ReloadAssembly
Registering precompiled unity dll's ...
Register platform support module: C:/Program Files/Unity/Hub/Editor/2020.3.4f1/Editor/Data/PlaybackEngines/WindowsStandaloneSupport/UnityEditor.WindowsStandalone.Extensions.dll
Registered in 0.001928 seconds.
Native extension for WindowsStandalone target not found
Refreshing native plugins compatible for Editor in 31.83 ms, found 1 plugins.
Preloading 0 native plugins for Editor in 0.00 ms.
Mono: successfully reloaded assembly
- Completed reload, in  0.932 seconds
Platform modules already initialized, skipping
Registering precompiled user dll's ...
Registered in 0.000590 seconds.
Begin MonoManager ReloadAssembly
Native extension for WindowsStandalone target not found
Refreshing native plugins compatible for Editor in 34.95 ms, found 1 plugins.
Preloading 0 native plugins for Editor in 0.00 ms.
Mono: successfully reloaded assembly
- Completed reload, in  0.890 seconds
Platform modules already initialized, skipping
========================================================================
Worker process is ready to serve import requests
Launched and connected shader compiler UnityShaderCompiler.exe after 0.04 seconds
Refreshing native plugins compatible for Editor in 0.31 ms, found 1 plugins.
Preloading 0 native plugins for Editor in 0.00 ms.
Unloading 1816 Unused Serialized files (Serialized files now loaded: 0)
System memory in use before: 85.0 MB.
System memory in use after: 85.1 MB.

Unloading 19 unused Assets to reduce memory usage. Loaded Objects now: 2265.
Total: 2.421800 ms (FindLiveObjects: 0.544100 ms CreateObjectMapping: 0.212700 ms MarkObjects: 1.556600 ms  DeleteObjects: 0.107700 ms)

========================================================================
Received Import Request.
  path: Assets/KT.png
  artifactKey: Guid(505a6e026e156d346a35962d60430562) Importer(815301076,1909f56bfc062723c751e8b465ee728b)
Start importing Assets/KT.png using Guid(505a6e026e156d346a35962d60430562) Importer(815301076,1909f56bfc062723c751e8b465ee728b)  -> (artifact id: '08792e0059bbbafddc4d5d4735eba9c1') in 0.087515 seconds
  Import took 0.090555 seconds .

========================================================================
Received Import Request.
  Time since last request: 0.000178 seconds.
  path: Assets/Cloud.png
  artifactKey: Guid(71dad8bf3f2bcf4448bc8f2530fef442) Importer(815301076,1909f56bfc062723c751e8b465ee728b)
Start importing Assets/Cloud.png using Guid(71dad8bf3f2bcf4448bc8f2530fef442) Importer(815301076,1909f56bfc062723c751e8b465ee728b)  -> (artifact id: 'f26041b6cfefb26fd41d39ef71cb9905') in 0.019142 seconds
  Import took 0.022420 seconds .

========================================================================
Received Import Request.
  Time since last request: 7.422047 seconds.
  path: Assets/Font
  artifactKey: Guid(cf0aa0d055d9b4c43a2cc9f84996013c) Importer(815301076,1909f56bfc062723c751e8b465ee728b)
Start importing Assets/Font using Guid(cf0aa0d055d9b4c43a2cc9f84996013c) Importer(815301076,1909f56bfc062723c751e8b465ee728b)  -> (artifact id: 'e132852e4251d82cc10fe56543ce47ff') in 0.006245 seconds
  Import took 0.009232 seconds .

========================================================================
Received Import Request.
  Time since last request: 0.006919 seconds.
  path: Assets/Font
  artifactKey: Guid(cf0aa0d055d9b4c43a2cc9f84996013c) Importer(815301076,1909f56bfc062723c751e8b465ee728b)
Start importing Assets/Font using Guid(cf0aa0d055d9b4c43a2cc9f84996013c) Importer(815301076,1909f56bfc062723c751e8b465ee728b)  -> (artifact id: 'e132852e4251d82cc10fe56543ce47ff') in 0.001621 seconds
  Import took 0.004263 seconds .

========================================================================
Received Import Request.
  Time since last request: 2.262248 seconds.
  path: Assets/Scenes/Game.unity
  artifactKey: Guid(4114f38a95ac3fc4898974b69e3cb526) Importer(815301076,1909f56bfc062723c751e8b465ee728b)
Start importing Assets/Scenes/Game.unity using Guid(4114f38a95ac3fc4898974b69e3cb526) Importer(815301076,1909f56bfc062723c751e8b465ee728b)  -> (artifact id: '02a3a297ebe87051570533256bbd9d17') in 0.006890 seconds
  Import took 0.018780 seconds .

========================================================================
Received Prepare
Registering precompiled user dll's ...
Registered in 0.000639 seconds.
Begin MonoManager ReloadAssembly
Native extension for WindowsStandalone target not found
Refreshing native plugins compatible for Editor in 0.33 ms, found 1 plugins.
Preloading 0 native plugins for Editor in 0.00 ms.
Mono: successfully reloaded assembly
- Completed reload, in  0.792 seconds
Platform modules already initialized, skipping
Refreshing native plugins compatible for Editor in 0.32 ms, found 1 plugins.
Preloading 0 native plugins for Editor in 0.00 ms.
Unloading 1806 Unused Serialized files (Serialized files now loaded: 0)
System memory in use before: 87.6 MB.
System memory in use after: 87.7 MB.

Unloading 7 unused Assets to reduce memory usage. Loaded Objects now: 2282.
Total: 2.094600 ms (FindLiveObjects: 0.260900 ms CreateObjectMapping: 0.081300 ms MarkObjects: 1.729700 ms  DeleteObjects: 0.020600 ms)

========================================================================
Received Import Request.
  Time since last request: 21.548486 seconds.
  path: Assets/Title.png
  artifactKey: Guid(dcc11dfa768aa9c439c07752c56c89d2) Importer(815301076,1909f56bfc062723c751e8b465ee728b)
Start importing Assets/Title.png using Guid(dcc11dfa768aa9c439c07752c56c89d2) Importer(815301076,1909f56bfc062723c751e8b465ee728b)  -> (artifact id: '06b3a5d182030b23e5d1639c82e13128') in 0.014238 seconds
  Import took 0.017394 seconds .

========================================================================
Received Import Request.
  Time since last request: 0.038383 seconds.
  path: Assets/Title.png
  artifactKey: Guid(dcc11dfa768aa9c439c07752c56c89d2) Importer(815301076,1909f56bfc062723c751e8b465ee728b)
Start importing Assets/Title.png using Guid(dcc11dfa768aa9c439c07752c56c89d2) Importer(815301076,1909f56bfc062723c751e8b465ee728b)  -> (artifact id: '06b3a5d182030b23e5d1639c82e13128') in 0.001940 seconds
  Import took 0.005246 seconds .

========================================================================
Received Import Request.
  Time since last request: 73.121227 seconds.
  path: Assets/title 1.png
  artifactKey: Guid(054206d186d76dd40b04f90818e81a98) Importer(815301076,1909f56bfc062723c751e8b465ee728b)
Start importing Assets/title 1.png using Guid(054206d186d76dd40b04f90818e81a98) Importer(815301076,1909f56bfc062723c751e8b465ee728b)  -> (artifact id: 'af68d1abce2766b18872db0bd0329a04') in 0.048493 seconds
  Import took 0.052100 seconds .

========================================================================
Received Import Request.
  Time since last request: 10.383872 seconds.
  path: Assets/title.png
  artifactKey: Guid(054206d186d76dd40b04f90818e81a98) Importer(815301076,1909f56bfc062723c751e8b465ee728b)
Start importing Assets/title.png using Guid(054206d186d76dd40b04f90818e81a98) Importer(815301076,1909f56bfc062723c751e8b465ee728b)  -> (artifact id: '13fadc08efe4fd7fc7651f0bf48a8664') in 0.014728 seconds
  Import took 0.018038 seconds .

========================================================================
Received Import Request.
  Time since last request: 7.492005 seconds.
  path: Assets/title.png
  artifactKey: Guid(054206d186d76dd40b04f90818e81a98) Importer(815301076,1909f56bfc062723c751e8b465ee728b)
Start importing Assets/title.png using Guid(054206d186d76dd40b04f90818e81a98) Importer(815301076,1909f56bfc062723c751e8b465ee728b)  -> (artifact id: '69c40f1179e6a1dd5ddf395715d011f5') in 0.011962 seconds
  Import took 0.014909 seconds .

========================================================================
Received Prepare
Registering precompiled user dll's ...
Registered in 0.000623 seconds.
Begin MonoManager ReloadAssembly
Native extension for WindowsStandalone target not found
Refreshing native plugins compatible for Editor in 0.34 ms, found 1 plugins.
Preloading 0 native plugins for Editor in 0.00 ms.
Mono: successfully reloaded assembly
- Completed reload, in  0.854 seconds
Platform modules already initialized, skipping
Refreshing native plugins compatible for Editor in 0.35 ms, found 1 plugins.
Preloading 0 native plugins for Editor in 0.00 ms.
Unloading 1806 Unused Serialized files (Serialized files now loaded: 0)
System memory in use before: 87.6 MB.
System memory in use after: 87.7 MB.

Unloading 7 unused Assets to reduce memory usage. Loaded Objects now: 2289.
Total: 2.111900 ms (FindLiveObjects: 0.191700 ms CreateObjectMapping: 0.077700 ms MarkObjects: 1.821900 ms  DeleteObjects: 0.019700 ms)

========================================================================
Received Prepare
Registering precompiled user dll's ...
Registered in 0.000644 seconds.
Begin MonoManager ReloadAssembly
Native extension for WindowsStandalone target not found
Refreshing native plugins compatible for Editor in 0.35 ms, found 1 plugins.
Preloading 0 native plugins for Editor in 0.00 ms.
Mono: successfully reloaded assembly
- Completed reload, in  0.841 seconds
Platform modules already initialized, skipping
Refreshing native plugins compatible for Editor in 0.34 ms, found 1 plugins.
Preloading 0 native plugins for Editor in 0.00 ms.
Unloading 1806 Unused Serialized files (Serialized files now loaded: 0)
System memory in use before: 87.6 MB.
System memory in use after: 87.8 MB.

Unloading 7 unused Assets to reduce memory usage. Loaded Objects now: 2293.
Total: 1.848300 ms (FindLiveObjects: 0.201200 ms CreateObjectMapping: 0.096800 ms MarkObjects: 1.533300 ms  DeleteObjects: 0.015800 ms)

========================================================================
Received Prepare
Registering precompiled user dll's ...
Registered in 0.000641 seconds.
Begin MonoManager ReloadAssembly
Native extension for WindowsStandalone target not found
Refreshing native plugins compatible for Editor in 0.41 ms, found 1 plugins.
Preloading 0 native plugins for Editor in 0.00 ms.
Mono: successfully reloaded assembly
- Completed reload, in  0.822 seconds
Platform modules already initialized, skipping
Refreshing native plugins compatible for Editor in 0.35 ms, found 1 plugins.
Preloading 0 native plugins for Editor in 0.00 ms.
Unloading 1806 Unused Serialized files (Serialized files now loaded: 0)
System memory in use before: 87.7 MB.
System memory in use after: 87.8 MB.

Unloading 7 unused Assets to reduce memory usage. Loaded Objects now: 2297.
Total: 2.357200 ms (FindLiveObjects: 0.234500 ms CreateObjectMapping: 0.113700 ms MarkObjects: 1.990000 ms  DeleteObjects: 0.017800 ms)

========================================================================
Received Prepare
Registering precompiled user dll's ...
Registered in 0.000598 seconds.
Begin MonoManager ReloadAssembly
Native extension for WindowsStandalone target not found
Refreshing native plugins compatible for Editor in 0.34 ms, found 1 plugins.
Preloading 0 native plugins for Editor in 0.00 ms.
Mono: successfully reloaded assembly
- Completed reload, in  0.872 seconds
Platform modules already initialized, skipping
Refreshing native plugins compatible for Editor in 0.38 ms, found 1 plugins.
Preloading 0 native plugins for Editor in 0.00 ms.
Unloading 1806 Unused Serialized files (Serialized files now loaded: 0)
System memory in use before: 87.7 MB.
System memory in use after: 87.8 MB.

Unloading 7 unused Assets to reduce memory usage. Loaded Objects now: 2301.
Total: 1.999800 ms (FindLiveObjects: 0.232200 ms CreateObjectMapping: 0.086300 ms MarkObjects: 1.660400 ms  DeleteObjects: 0.019500 ms)

========================================================================
Received Prepare
Registering precompiled user dll's ...
Registered in 0.000718 seconds.
Begin MonoManager ReloadAssembly
Native extension for WindowsStandalone target not found
Refreshing native plugins compatible for Editor in 0.37 ms, found 1 plugins.
Preloading 0 native plugins for Editor in 0.00 ms.
Mono: successfully reloaded assembly
- Completed reload, in  0.786 seconds
Platform modules already initialized, skipping
Refreshing native plugins compatible for Editor in 0.31 ms, found 1 plugins.
Preloading 0 native plugins for Editor in 0.00 ms.
Unloading 1806 Unused Serialized files (Serialized files now loaded: 0)
System memory in use before: 87.7 MB.
System memory in use after: 87.8 MB.

Unloading 7 unused Assets to reduce memory usage. Loaded Objects now: 2305.
Total: 1.945200 ms (FindLiveObjects: 0.229700 ms CreateObjectMapping: 0.070500 ms MarkObjects: 1.629600 ms  DeleteObjects: 0.014300 ms)

========================================================================
Received Prepare
Refreshing native plugins compatible for Editor in 1.28 ms, found 1 plugins.
Preloading 0 native plugins for Editor in 0.00 ms.
Unloading 5 Unused Serialized files (Serialized files now loaded: 0)
System memory in use before: 52.1 MB.
System memory in use after: 52.2 MB.

Unloading 5 unused Assets to reduce memory usage. Loaded Objects now: 2305.
Total: 1.992300 ms (FindLiveObjects: 0.231300 ms CreateObjectMapping: 0.080600 ms MarkObjects: 1.663600 ms  DeleteObjects: 0.015100 ms)

========================================================================
Received Prepare
Refreshing native plugins compatible for Editor in 1.15 ms, found 1 plugins.
Preloading 0 native plugins for Editor in 0.00 ms.
Unloading 5 Unused Serialized files (Serialized files now loaded: 0)
System memory in use before: 52.1 MB.
System memory in use after: 52.2 MB.

Unloading 5 unused Assets to reduce memory usage. Loaded Objects now: 2305.
Total: 2.578700 ms (FindLiveObjects: 0.222800 ms CreateObjectMapping: 0.093200 ms MarkObjects: 2.246000 ms  DeleteObjects: 0.015000 ms)

AssetImportWorkerClient::OnTransportError - code=2 error=End of file
